<?xml version="1.0" encoding="UTF-8" standalone="no"?><testsuite errors="1" failures="0" name="Apertura de la pagina de casos" skipped="0" tests="1" time="102.03" timestamp="2026-05-05 11:19:07"><testcase name="Abrir la URL, loguearse y navegar a agent"><error message="Error seleccionando municipio: MEDELLIN" type="java.lang.RuntimeException">Error seleccionando municipio: MEDELLIN</error><system-err>Error seleccionando municipio: MEDELLIN&#13;
com.sara.automation.interactions.FillCasoExpressFormInOrder.seleccionarComboMunicipioWebDriver(FillCasoExpressFormInOrder.java:242)&#13;
com.sara.automation.interactions.FillCasoExpressFormInOrder.llenarCombosGeneralesEnOrden(FillCasoExpressFormInOrder.java:200)&#13;
com.sara.automation.interactions.FillCasoExpressFormInOrder.performAs(FillCasoExpressFormInOrder.java:85)&#13;
com.sara.automation.tasks.ClickCasoExpress.performAs(ClickCasoExpress.java:86)&#13;
com.sara.automation.stepdefinitions.CasesStepDefinitions.completaListasManualesDesdeFeature(CasesStepDefinitions.java:91)&#13;
com.sara.automation.stepdefinitions.CasesStepDefinitions.diligenciaCasoExpressCompletoDesdeFeature(CasesStepDefinitions.java:105)&#13;
io.cucumber.java.Invoker.doInvoke(Invoker.java:66)&#13;
io.cucumber.java.Invoker.invoke(Invoker.java:24)&#13;
io.cucumber.java.AbstractGlueDefinition.invokeMethod(AbstractGlueDefinition.java:47)&#13;
io.cucumber.java.JavaStepDefinition.execute(JavaStepDefinition.java:29)&#13;
io.cucumber.core.runner.CoreStepDefinition.execute(CoreStepDefinition.java:66)&#13;
io.cucumber.core.runner.PickleStepDefinitionMatch.runStep(PickleStepDefinitionMatch.java:63)&#13;
io.cucumber.core.runner.TestStep.executeStep(TestStep.java:85)&#13;
io.cucumber.core.runner.TestStep.run(TestStep.java:57)&#13;
io.cucumber.core.runner.PickleStepTestStep.run(PickleStepTestStep.java:51)&#13;
io.cucumber.core.runner.TestCase.run(TestCase.java:84)&#13;
io.cucumber.core.runner.Runner.runPickle(Runner.java:75)&#13;
io.cucumber.core.runtime.CucumberExecutionContext.lambda$runTestCase$5(CucumberExecutionContext.java:129)&#13;
io.cucumber.core.runtime.RethrowingThrowableCollector.executeAndThrow(RethrowingThrowableCollector.java:23)&#13;
io.cucumber.core.runtime.CucumberExecutionContext.runTestCase(CucumberExecutionContext.java:129)&#13;
io.cucumber.junit.FeatureRunner.runChild(FeatureRunner.java:144)&#13;
io.cucumber.junit.FeatureRunner.runChild(FeatureRunner.java:28)&#13;
io.cucumber.junit.FeatureRunner.run(FeatureRunner.java:137)&#13;
io.cucumber.junit.CucumberSerenityRunner.runChild(CucumberSerenityRunner.java:259)&#13;
io.cucumber.junit.CucumberSerenityRunner.runChild(CucumberSerenityRunner.java:59)&#13;
worker.org.gradle.process.internal.worker.GradleWorkerMain.run(GradleWorkerMain.java:69)&#13;
worker.org.gradle.process.internal.worker.GradleWorkerMain.main(GradleWorkerMain.java:74)&#13;
</system-err></testcase></testsuite>